2023-03-21:17:07:42,297 INFO     [__init__.py:49]      file_cache is only supported with oauth2client<4.0.0
2023-03-21:17:08:25,823 INFO     [__init__.py:49]      file_cache is only supported with oauth2client<4.0.0
2023-03-21:17:09:52,216 INFO     [rescue.py:54]      RESTORE#{'kind': 'compute#instance', 'id': '3921994375010046393', 'creationTimestamp': '2022-09-13T04:53:58.687-07:00', 'name': 'instance-3-tseedu', 'description': 'wefnownefownfe', 'tags': {'fingerprint': '42WmSpB8rSM='}, 'machineType': 'https://www.googleapis.com/compute/v1/projects/tomerlf-project/zones/us-central1-b/machineTypes/e2-micro', 'status': 'RUNNING', 'zone': 'https://www.googleapis.com/compute/v1/projects/tomerlf-project/zones/us-central1-b', 'canIpForward': False, 'networkInterfaces': [{'kind': 'compute#networkInterface', 'network': 'https://www.googleapis.com/compute/v1/projects/tomerlf-project/global/networks/default', 'subnetwork': 'https://www.googleapis.com/compute/v1/projects/tomerlf-project/regions/us-central1/subnetworks/default', 'networkIP': '10.128.0.4', 'name': 'nic0', 'accessConfigs': [{'kind': 'compute#accessConfig', 'type': 'ONE_TO_ONE_NAT', 'name': 'External NAT', 'natIP': '35.184.253.167', 'networkTier': 'PREMIUM'}], 'fingerprint': 'bF3XbVDtzwo=', 'stackType': 'IPV4_ONLY'}], 'disks': [{'kind': 'compute#attachedDisk', 'type': 'PERSISTENT', 'mode': 'READ_WRITE', 'source': 'https://www.googleapis.com/compute/v1/projects/tomerlf-project/zones/us-central1-b/disks/instance-3-tseedu', 'deviceName': 'instance-3-tseedu', 'index': 0, 'boot': True, 'autoDelete': True, 'licenses': ['https://www.googleapis.com/compute/v1/projects/debian-cloud/global/licenses/debian-11-bullseye'], 'interface': 'SCSI', 'guestOsFeatures': [{'type': 'UEFI_COMPATIBLE'}, {'type': 'VIRTIO_SCSI_MULTIQUEUE'}, {'type': 'GVNIC'}], 'diskSizeGb': '10', 'architecture': 'X86_64'}, {'kind': 'compute#attachedDisk', 'type': 'PERSISTENT', 'mode': 'READ_WRITE', 'source': 'https://www.googleapis.com/compute/v1/projects/tomerlf-project/regions/us-central1/disks/disk-disk-1-tseedu3', 'deviceName': 'disk-disk-1-tseedu3', 'index': 1, 'boot': False, 'autoDelete': False, 'interface': 'SCSI', 'diskSizeGb': '10'}], 'metadata': {'kind': 'compute#metadata', 'fingerprint': '8BvaISdx_rs=', 'items': [{'key': 'ssh-keys', 'value': 'tomerlf:ecdsa-sha2-nistp256 AAAAE2VjZHNhLXNoYTItbmlzdHAyNTYAAAAIbmlzdHAyNTYAAABBBJD0iQ0WnOcUeIinU7WqyRSJzCKVGDpvs6WAKv+JmzNK6cu8POrflqpf+7aE0sTooELR2FRqq7MklmA+FSpBdhc= google-ssh {"userName":"tomerlf@google.com","expireOn":"2023-01-10T10:30:47+0000"}\ntomerlf:ssh-rsa AAAAB3NzaC1yc2EAAAADAQABAAABAQDBg/ELHsrN6fq9M60//cMgn1QeNj8+PnckxGNfHVn/sZQWLayxC9jcqzpxrCvmx9vmVC5HBB/MpgddMJ9oXnn65dtyGJZqMtDOixrqnT7L1q641pBzmylOwaqNRWn1tmU8e5c4Yy+ibykUtYFNfVBTGS8+8jQzHPCxAR2uDmeeTU4Y31paWj1brv+2ZSShCoHL4UCexEwKXg6v+nBfs4Eway8P7uw3DWAhcNpeRZkmjgVRNDE04Wengu/EO/caVnDTQOwNE6geDO2zEq3rtwkn0KrdqY33sWwNGRvSzD6y6aW3ZflPQOC9FG9Uctxlo92NuHVx2ZOI7eEC2/HZlHGL google-ssh {"userName":"tomerlf@google.com","expireOn":"2023-01-10T10:31:04+0000"}'}]}, 'serviceAccounts': [{'email': '598999335069-compute@developer.gserviceaccount.com', 'scopes': ['https://www.googleapis.com/auth/devstorage.read_only', 'https://www.googleapis.com/auth/logging.write', 'https://www.googleapis.com/auth/monitoring.write', 'https://www.googleapis.com/auth/servicecontrol', 'https://www.googleapis.com/auth/service.management.readonly', 'https://www.googleapis.com/auth/trace.append']}], 'selfLink': 'https://www.googleapis.com/compute/v1/projects/tomerlf-project/zones/us-central1-b/instances/instance-3-tseedu', 'scheduling': {'onHostMaintenance': 'MIGRATE', 'automaticRestart': True, 'preemptible': False, 'provisioningModel': 'STANDARD'}, 'cpuPlatform': 'Intel Broadwell', 'labelFingerprint': '42WmSpB8rSM=', 'startRestricted': False, 'deletionProtection': False, 'reservationAffinity': {'consumeReservationType': 'ANY_RESERVATION'}, 'displayDevice': {'enableDisplay': False}, 'shieldedInstanceConfig': {'enableSecureBoot': False, 'enableVtpm': True, 'enableIntegrityMonitoring': True}, 'shieldedInstanceIntegrityPolicy': {'updateAutoLearnPolicy': True}, 'confidentialInstanceConfig': {'enableConfidentialCompute': False}, 'fingerprint': 'GBCBVLZ5n-s=', 'lastStartTimestamp': '2023-01-16T02:40:09.498-08:00', 'lastStopTimestamp': '2023-01-16T02:39:57.541-08:00', 'keyRevocationActionType': 'NONE'}

2023-03-21:17:09:52,297 INFO     [operations.py:43]      Stopping instance-3-tseedu...
2023-03-21:17:10:40,384 INFO     [utils.py:159]      done.
2023-03-21:17:10:40,387 INFO     [backup.py:46]      Creating snapshot instance-3-tseedu-1679411306... 
2023-03-21:17:11:28,595 INFO     [utils.py:159]      done.
2023-03-21:17:11:28,847 INFO     [disks.py:42]      Creating rescue disk linux-rescue-disk-1679411306...
2023-03-21:17:11:42,087 INFO     [utils.py:159]      done.
2023-03-21:17:11:42,089 INFO     [disks.py:171]      Detaching disk instance-3-tseedu from instance-3-tseedu...
2023-03-21:17:11:45,111 INFO     [utils.py:159]      done.
2023-03-21:17:11:45,112 INFO     [disks.py:156]      Attaching disk linux-rescue-disk-1679411306...
2023-03-21:17:11:48,360 INFO     [utils.py:159]      done.
2023-03-21:17:11:48,366 INFO     [metadata.py:45]      Setting custom metadata...
2023-03-21:17:11:51,524 INFO     [utils.py:159]      done.
2023-03-21:17:11:51,524 INFO     [operations.py:26]      Starting instance-3-tseedu...
2023-03-21:17:12:08,823 INFO     [utils.py:159]      done.
2023-03-21:17:12:09,669 INFO     [disks.py:148]      Label configured successfully disk instance-3-tseedu.
2023-03-21:17:12:09,669 INFO     [disks.py:156]      Attaching disk instance-3-tseedu...
2023-03-21:17:12:14,984 INFO     [utils.py:159]      done.
2023-03-21:17:12:15,299 INFO     [metadata.py:70]      Restoring original metadata...
2023-03-21:17:12:15,299 INFO     [utils.py:175]      Waiting startup-script to complete.
2023-03-21:17:12:47,934 INFO     [utils.py:183]      startup-script has ended.
2023-03-21:17:12:52,489 INFO     [utils.py:159]      done.
2023-03-21:17:18:31,743 INFO     [__init__.py:49]      file_cache is only supported with oauth2client<4.0.0
2023-03-21:17:18:37,390 INFO     [operations.py:43]      Stopping instance-3-tseedu...
2023-03-21:17:19:00,181 INFO     [utils.py:159]      done.
2023-03-21:17:19:00,183 INFO     [disks.py:171]      Detaching disk linux-rescue-disk-1679411306 from instance-3-tseedu...
2023-03-21:17:19:03,361 INFO     [utils.py:159]      done.
2023-03-21:17:19:03,362 INFO     [disks.py:171]      Detaching disk instance-3-tseedu from instance-3-tseedu...
2023-03-21:17:19:06,449 INFO     [utils.py:159]      done.
2023-03-21:17:19:06,449 INFO     [disks.py:105]      Deleting disk linux-rescue-disk-1679411306...
2023-03-21:17:19:08,167 INFO     [utils.py:159]      done.
2023-03-21:17:19:08,168 INFO     [disks.py:156]      Attaching disk instance-3-tseedu...
2023-03-21:17:19:11,362 INFO     [utils.py:159]      done.
2023-03-21:17:19:11,619 INFO     [metadata.py:70]      Restoring original metadata...
2023-03-21:17:19:14,850 INFO     [utils.py:159]      done.
2023-03-21:17:19:14,850 INFO     [operations.py:26]      Starting instance-3-tseedu...
2023-03-21:17:19:25,485 INFO     [utils.py:159]      done.
